<?xml version="1.0" encoding="UTF-8"?>
<!-- Generated by org.testng.reporters.JUnitXMLReporter -->
<testsuite hostname="prashanths-wi8" ignored="0" name="Samsung 1747 Galaxy S III 4.4" tests="1" failures="1" timestamp="05 Jul 2018 13:51:48 GMT" time="1021.984" errors="0">
  <testcase name="@AfterTest afterTest" time="19.262" classname="ePrize.androidMobile.SMSTest.SamsungGalaxyS3AndroidSMSTest">
    <failure type="org.openqa.selenium.TimeoutException" message="Expected condition failed: waiting for element to be clickable: Located by Locator map: 
- native content: &amp;quot;By.chained({By.id: message_text_select_all})&amp;quot; 
- html content: &amp;quot;by id or name &amp;quot;selectAllMessages&amp;quot;&amp;quot; (tried for 5 second(s) with 500 MILLISECONDS interval)">
      <![CDATA[org.openqa.selenium.TimeoutException: Expected condition failed: waiting for element to be clickable: Located by Locator map: 
- native content: "By.chained({By.id: message_text_select_all})" 
- html content: "by id or name "selectAllMessages"" (tried for 5 second(s) with 500 MILLISECONDS interval)
at org.openqa.selenium.support.ui.FluentWait.timeoutException(FluentWait.java:263)
at org.openqa.selenium.support.ui.FluentWait.until(FluentWait.java:231)
at ePrize.androidMobile.utils.AppiumUtils.waitUntillElementToBeClickable(AppiumUtils.java:70)
at ePrize.androidMobile.PageObjects.SamsungGalaxyS3HomePageObjects.selectAllMessages(SamsungGalaxyS3HomePageObjects.java:97)
at ePrize.androidMobile.SMSTest.SamsungGalaxyS3AndroidSMSTest.afterTest(SamsungGalaxyS3AndroidSMSTest.java:142)
Caused by: org.openqa.selenium.NoSuchElementException: Can't locate an element by this strategy: Locator map: 
- native content: "By.chained({By.id: message_text_select_all})" 
- html content: "by id or name "selectAllMessages""
at io.appium.java_client.pagefactory.AppiumElementLocator.findElement(AppiumElementLocator.java:102)
at io.appium.java_client.pagefactory.interceptors.InterceptorOfASingleElement.intercept(InterceptorOfASingleElement.java:61)
at io.appium.java_client.android.AndroidElement$$EnhancerByCGLIB$$b598166c.isDisplayed(<generated>)
at org.openqa.selenium.support.ui.ExpectedConditions.elementIfVisible(ExpectedConditions.java:301)
at org.openqa.selenium.support.ui.ExpectedConditions.access$100(ExpectedConditions.java:43)
at org.openqa.selenium.support.ui.ExpectedConditions$10.apply(ExpectedConditions.java:287)
at org.openqa.selenium.support.ui.ExpectedConditions$10.apply(ExpectedConditions.java:284)
at org.openqa.selenium.support.ui.ExpectedConditions$23.apply(ExpectedConditions.java:672)
at org.openqa.selenium.support.ui.ExpectedConditions$23.apply(ExpectedConditions.java:668)
at org.openqa.selenium.support.ui.FluentWait.until(FluentWait.java:208)
... 27 more
Caused by: org.openqa.selenium.TimeoutException: Expected condition failed: waiting for io.appium.java_client.pagefactory.AppiumElementLocator$WaitingFunction@4aca6d5a (tried for 1 second(s) with 500 MILLISECONDS interval)
at org.openqa.selenium.support.ui.FluentWait.timeoutException(FluentWait.java:263)
at org.openqa.selenium.support.ui.FluentWait.until(FluentWait.java:231)
at io.appium.java_client.pagefactory.AppiumElementLocator.waitFor(AppiumElementLocator.java:76)
at io.appium.java_client.pagefactory.AppiumElementLocator.findElement(AppiumElementLocator.java:95)
... 36 more
Caused by: org.openqa.selenium.NoSuchElementException: Cannot locate an element using By.chained({By.id: message_text_select_all})
For documentation on this error, please visit: http://seleniumhq.org/exceptions/no_such_element.html
Build info: version: '3.6.0', revision: '6fbf3ec767', time: '2017-09-27T15:28:36.4Z'
System info: host: 'PRASHANTHS-WI8', ip: '10.1.208.52', os.name: 'Windows 8.1', os.arch: 'amd64', os.version: '6.3', java.version: '1.8.0_131'
Driver info: driver.version: AndroidDriver
at io.appium.java_client.pagefactory.bys.builder.ByChained.findElement(ByChained.java:72)
at org.openqa.selenium.remote.RemoteWebDriver.findElement(RemoteWebDriver.java:348)
at io.appium.java_client.DefaultGenericMobileDriver.findElement(DefaultGenericMobileDriver.java:58)
at io.appium.java_client.AppiumDriver.findElement(AppiumDriver.java:1)
at io.appium.java_client.android.AndroidDriver.findElement(AndroidDriver.java:1)
at io.appium.java_client.pagefactory.bys.ContentMappedBy.findElement(ContentMappedBy.java:36)
at org.openqa.selenium.remote.RemoteWebDriver.findElement(RemoteWebDriver.java:348)
at io.appium.java_client.DefaultGenericMobileDriver.findElement(DefaultGenericMobileDriver.java:58)
at io.appium.java_client.AppiumDriver.findElement(AppiumDriver.java:1)
at io.appium.java_client.android.AndroidDriver.findElement(AndroidDriver.java:1)
at io.appium.java_client.pagefactory.AppiumElementLocator.lambda$0(AppiumElementLocator.java:96)
at io.appium.java_client.pagefactory.AppiumElementLocator$WaitingFunction.apply(AppiumElementLocator.java:150)
at io.appium.java_client.pagefactory.AppiumElementLocator$WaitingFunction.apply(AppiumElementLocator.java:1)
at org.openqa.selenium.support.ui.FluentWait.until(FluentWait.java:208)
... 38 more
... Removed 24 stack frames]]>
    </failure>
  </testcase> <!-- @AfterTest afterTest -->
  <testcase name="verifySMSRequestandResponse" time="734.157" classname="ePrize.androidMobile.SMSTest.SamsungGalaxyS3AndroidSMSTest">
    <failure type="java.lang.AssertionError" message="expected [BUDWEISER &amp;amp; BUD LIGHT BASEBALL COOLIE: Please reply with your state (ex: MI). 1msg/query. Rules: http://hwld.co/QWUl9F Msg&amp;amp;Data rates may apply.] but found []">
      <![CDATA[java.lang.AssertionError: expected [BUDWEISER & BUD LIGHT BASEBALL COOLIE: Please reply with your state (ex: MI). 1msg/query. Rules: http://hwld.co/QWUl9F Msg&Data rates may apply.] but found []
at ePrize.androidMobile.PageObjects.SamsungGalaxyS3HomePageObjects.verifyValidDobReponseText(SamsungGalaxyS3HomePageObjects.java:284)
at ePrize.androidMobile.SMSTest.SamsungGalaxyS3AndroidSMSTest.verifySMSRequestandResponse(SamsungGalaxyS3AndroidSMSTest.java:102)
... Removed 31 stack frames]]>
    </failure>
  </testcase> <!-- verifySMSRequestandResponse -->
</testsuite> <!-- Samsung 1747 Galaxy S III 4.4 -->
