<!DOCTYPE html PUBLIC "-//W3C//DTD XHTML 1.1//EN" "http://www.w3.org/TR/xhtml11/DTD/xhtml11.dtd">
<html xmlns="http://www.w3.org/1999/xhtml">
<head>
<meta http-equiv="content-type" content="text/html; charset=UTF-8"/>
<title>TestNG Report</title>
<style type="text/css">table {margin-bottom:10px;border-collapse:collapse;empty-cells:show}th,td {border:1px solid #009;padding:.25em .5em}th {vertical-align:bottom}td {vertical-align:top}table a {font-weight:bold}.stripe td {background-color: #E6EBF9}.num {text-align:right}.passedodd td {background-color: #3F3}.passedeven td {background-color: #0A0}.skippedodd td {background-color: #DDD}.skippedeven td {background-color: #CCC}.failedodd td,.attn {background-color: #F33}.failedeven td,.stripe .attn {background-color: #D00}.stacktrace {white-space:pre;font-family:monospace}.totop {font-size:85%;text-align:center;border-bottom:2px solid #000}.invisible {display:none}</style>
</head>
<body>
<table>
<tr><th>Test</th><th># Passed</th><th># Skipped</th><th># Failed</th><th>Time (ms)</th><th>Included Groups</th><th>Excluded Groups</th></tr>
<tr><th colspan="7">Suite</th></tr>
<tr><td><a href="#t0">Samsung 1747 Galaxy S III 4.4</a></td><td class="num">0</td><td class="num">0</td><td class="num attn">1</td><td class="num">1,021,984</td><td></td><td></td></tr>
</table>
<table id='summary'><thead><tr><th>Class</th><th>Method</th><th>Start</th><th>Time (ms)</th></tr></thead><tbody><tr><th colspan="4">Suite</th></tr></tbody><tbody id="t0"><tr><th colspan="4">Samsung 1747 Galaxy S III 4.4 &#8212; failed (configuration methods)</th></tr><tr class="failedeven"><td rowspan="1">ePrize.androidMobile.SMSTest.SamsungGalaxyS3AndroidSMSTest</td><td><a href="#m0">afterTest</a></td><td rowspan="1">1530798689347</td><td rowspan="1">19262</td></tr><tr><th colspan="4">Samsung 1747 Galaxy S III 4.4 &#8212; failed</th></tr><tr class="failedeven"><td rowspan="1">ePrize.androidMobile.SMSTest.SamsungGalaxyS3AndroidSMSTest</td><td><a href="#m1">verifySMSRequestandResponse</a></td><td rowspan="1">1530797955174</td><td rowspan="1">734157</td></tr></tbody>
</table>
<h2>Samsung 1747 Galaxy S III 4.4</h2><h3 id="m0">ePrize.androidMobile.SMSTest.SamsungGalaxyS3AndroidSMSTest#afterTest</h3><table class="result"><tr class="param"><th>Parameter #1</th></tr><tr class="param stripe"><td>C00C1551</td></tr><tr><th>Messages</th></tr><tr><td><div class="messages">click on the delete button<br/>click on the delete button</div></td></tr><tr><th>Exception</th></tr><tr><td><div class="stacktrace">org.openqa.selenium.TimeoutException: Expected condition failed: waiting for element to be clickable: Located by Locator map: 
- native content: &quot;By.chained({By.id: message_text_select_all})&quot; 
- html content: &quot;by id or name &quot;selectAllMessages&quot;&quot; (tried for 5 second(s) with 500 MILLISECONDS interval)
	at org.openqa.selenium.support.ui.FluentWait.timeoutException(FluentWait.java:263)
	at org.openqa.selenium.support.ui.FluentWait.until(FluentWait.java:231)
	at ePrize.androidMobile.utils.AppiumUtils.waitUntillElementToBeClickable(AppiumUtils.java:70)
	at ePrize.androidMobile.PageObjects.SamsungGalaxyS3HomePageObjects.selectAllMessages(SamsungGalaxyS3HomePageObjects.java:97)
	at ePrize.androidMobile.SMSTest.SamsungGalaxyS3AndroidSMSTest.afterTest(SamsungGalaxyS3AndroidSMSTest.java:142)
Caused by: org.openqa.selenium.NoSuchElementException: Can&apos;t locate an element by this strategy: Locator map: 
- native content: &quot;By.chained({By.id: message_text_select_all})&quot; 
- html content: &quot;by id or name &quot;selectAllMessages&quot;&quot;
	at io.appium.java_client.pagefactory.AppiumElementLocator.findElement(AppiumElementLocator.java:102)
	at io.appium.java_client.pagefactory.interceptors.InterceptorOfASingleElement.intercept(InterceptorOfASingleElement.java:61)
	at io.appium.java_client.android.AndroidElement$$EnhancerByCGLIB$$b598166c.isDisplayed(&lt;generated&gt;)
	at org.openqa.selenium.support.ui.ExpectedConditions.elementIfVisible(ExpectedConditions.java:301)
	at org.openqa.selenium.support.ui.ExpectedConditions.access$100(ExpectedConditions.java:43)
	at org.openqa.selenium.support.ui.ExpectedConditions$10.apply(ExpectedConditions.java:287)
	at org.openqa.selenium.support.ui.ExpectedConditions$10.apply(ExpectedConditions.java:284)
	at org.openqa.selenium.support.ui.ExpectedConditions$23.apply(ExpectedConditions.java:672)
	at org.openqa.selenium.support.ui.ExpectedConditions$23.apply(ExpectedConditions.java:668)
	at org.openqa.selenium.support.ui.FluentWait.until(FluentWait.java:208)
	... 27 more
Caused by: org.openqa.selenium.TimeoutException: Expected condition failed: waiting for io.appium.java_client.pagefactory.AppiumElementLocator$WaitingFunction@4aca6d5a (tried for 1 second(s) with 500 MILLISECONDS interval)
	at org.openqa.selenium.support.ui.FluentWait.timeoutException(FluentWait.java:263)
	at org.openqa.selenium.support.ui.FluentWait.until(FluentWait.java:231)
	at io.appium.java_client.pagefactory.AppiumElementLocator.waitFor(AppiumElementLocator.java:76)
	at io.appium.java_client.pagefactory.AppiumElementLocator.findElement(AppiumElementLocator.java:95)
	... 36 more
Caused by: org.openqa.selenium.NoSuchElementException: Cannot locate an element using By.chained({By.id: message_text_select_all})
For documentation on this error, please visit: http://seleniumhq.org/exceptions/no_such_element.html
Build info: version: &apos;3.6.0&apos;, revision: &apos;6fbf3ec767&apos;, time: &apos;2017-09-27T15:28:36.4Z&apos;
System info: host: &apos;PRASHANTHS-WI8&apos;, ip: &apos;10.1.208.52&apos;, os.name: &apos;Windows 8.1&apos;, os.arch: &apos;amd64&apos;, os.version: &apos;6.3&apos;, java.version: &apos;1.8.0_131&apos;
Driver info: driver.version: AndroidDriver
	at io.appium.java_client.pagefactory.bys.builder.ByChained.findElement(ByChained.java:72)
	at org.openqa.selenium.remote.RemoteWebDriver.findElement(RemoteWebDriver.java:348)
	at io.appium.java_client.DefaultGenericMobileDriver.findElement(DefaultGenericMobileDriver.java:58)
	at io.appium.java_client.AppiumDriver.findElement(AppiumDriver.java:1)
	at io.appium.java_client.android.AndroidDriver.findElement(AndroidDriver.java:1)
	at io.appium.java_client.pagefactory.bys.ContentMappedBy.findElement(ContentMappedBy.java:36)
	at org.openqa.selenium.remote.RemoteWebDriver.findElement(RemoteWebDriver.java:348)
	at io.appium.java_client.DefaultGenericMobileDriver.findElement(DefaultGenericMobileDriver.java:58)
	at io.appium.java_client.AppiumDriver.findElement(AppiumDriver.java:1)
	at io.appium.java_client.android.AndroidDriver.findElement(AndroidDriver.java:1)
	at io.appium.java_client.pagefactory.AppiumElementLocator.lambda$0(AppiumElementLocator.java:96)
	at io.appium.java_client.pagefactory.AppiumElementLocator$WaitingFunction.apply(AppiumElementLocator.java:150)
	at io.appium.java_client.pagefactory.AppiumElementLocator$WaitingFunction.apply(AppiumElementLocator.java:1)
	at org.openqa.selenium.support.ui.FluentWait.until(FluentWait.java:208)
	... 38 more
... Removed 24 stack frames</div></td></tr></table><p class="totop"><a href="#summary">back to summary</a></p>
<h3 id="m1">ePrize.androidMobile.SMSTest.SamsungGalaxyS3AndroidSMSTest#verifySMSRequestandResponse</h3><table class="result"><tr class="param"><th>Parameter #1</th><th>Parameter #2</th><th>Parameter #3</th><th>Parameter #4</th><th>Parameter #5</th><th>Parameter #6</th><th>Parameter #7</th><th>Parameter #8</th><th>Parameter #9</th><th>Parameter #10</th><th>Parameter #11</th><th>Parameter #12</th><th>Parameter #13</th><th>Parameter #14</th><th>Parameter #15</th><th>Parameter #16</th><th>Parameter #17</th></tr><tr class="param stripe"><td>30364</td><td>COOLIE_REVIEW</td><td>YES</td><td>01011980</td><td>MI</td><td>HELP</td><td>STOP</td><td>7816402232</td><td>budlight_coolies_20180306</td><td>budlight_coolies</td><td>com.mysql.jdbc.Driver</td><td>jdbc:mysql://r0core-olap02.int.eprize.net:3306/</td><td>jdbc:mysql://r0core-dbs01.int.eprize.net:3306/</td><td>qateam</td><td>S3r1OusLyD0nT!5hA4eMe!</td><td>01012012</td><td>ME</td></tr><tr><th colspan="17">Messages</th></tr><tr><td colspan="17"><div class="messages">Switch to the native app<br/>click on the message icon<br/>click for sending the new message<br/>Input the shortcode for sending the response<br/>Input the shortcode for sending the response<br/>click on the compose button<br/>Verify the response for the valid keyword request<br/>Input the shortcode for sending the response<br/>click on the compose button<br/>Input the shortcode for sending the response<br/>click on the compose button<br/>Verify the response for the DOB request<br/>Input the shortcode for sending the response<br/>click on the compose button<br/>Verify the response for the valid state request<br/>Input the shortcode for sending the response<br/>click on the compose button<br/>Verify the response for the help state request<br/>Input the shortcode for sending the response<br/>click on the compose button<br/>Verify the response for the STOP state request<br/>Oracle JDBC Driver Registered!<br/>Oracle JDBC Driver Registered!<br/>Input the shortcode for sending the response<br/>click on the compose button<br/>Verify the response for the valid keyword request<br/>Input the shortcode for sending the response<br/>click on the compose button<br/>Input the shortcode for sending the response<br/>click on the compose button<br/>Verify the invalid response for the Dateofbirth request<br/>Input the shortcode for sending the response<br/>click on the compose button<br/>Verify the response for the stop request<br/>Input the shortcode for sending the response<br/>click on the compose button<br/>Verify the response for the valid keyword request<br/>Input the shortcode for sending the response<br/>click on the compose button<br/>Input the shortcode for sending the response<br/>click on the compose button<br/>Verify the response for the DOB request</div></td></tr><tr><th colspan="17">Exception</th></tr><tr><td colspan="17"><div class="stacktrace">java.lang.AssertionError: expected [BUDWEISER &amp; BUD LIGHT BASEBALL COOLIE: Please reply with your state (ex: MI). 1msg/query. Rules: http://hwld.co/QWUl9F Msg&amp;Data rates may apply.] but found []
	at ePrize.androidMobile.PageObjects.SamsungGalaxyS3HomePageObjects.verifyValidDobReponseText(SamsungGalaxyS3HomePageObjects.java:284)
	at ePrize.androidMobile.SMSTest.SamsungGalaxyS3AndroidSMSTest.verifySMSRequestandResponse(SamsungGalaxyS3AndroidSMSTest.java:102)
... Removed 31 stack frames</div></td></tr></table><p class="totop"><a href="#summary">back to summary</a></p>
</body>
</html>
