<?xml version="1.0" encoding="UTF-8"?>
<testng-results skipped="0" failed="1" ignored="0" total="1" passed="0">
  <reporter-output>
    <line>
      <![CDATA[Switch to the native app]]>
    </line>
    <line>
      <![CDATA[click on the message icon]]>
    </line>
    <line>
      <![CDATA[Move to the back page using Android key]]>
    </line>
    <line>
      <![CDATA[Switch to the native app]]>
    </line>
    <line>
      <![CDATA[click on the message icon]]>
    </line>
    <line>
      <![CDATA[click for sending the new message]]>
    </line>
    <line>
      <![CDATA[Input the shortcode for sending the response]]>
    </line>
    <line>
      <![CDATA[Input the shortcode for sending the response]]>
    </line>
    <line>
      <![CDATA[click on the compose button]]>
    </line>
    <line>
      <![CDATA[click on the delete button]]>
    </line>
    <line>
      <![CDATA[click on the delete button]]>
    </line>
    <line>
      <![CDATA[click on the delete button]]>
    </line>
    <line>
      <![CDATA[click on the confirmation delete button]]>
    </line>
    <line>
      <![CDATA[Switch to the native app]]>
    </line>
    <line>
      <![CDATA[click on the message icon]]>
    </line>
    <line>
      <![CDATA[click for sending the new message]]>
    </line>
    <line>
      <![CDATA[Input the shortcode for sending the response]]>
    </line>
    <line>
      <![CDATA[Input the shortcode for sending the response]]>
    </line>
    <line>
      <![CDATA[click on the compose button]]>
    </line>
    <line>
      <![CDATA[Verify the response for the valid keyword request]]>
    </line>
    <line>
      <![CDATA[Input the shortcode for sending the response]]>
    </line>
    <line>
      <![CDATA[click on the compose button]]>
    </line>
    <line>
      <![CDATA[Input the shortcode for sending the response]]>
    </line>
    <line>
      <![CDATA[click on the compose button]]>
    </line>
    <line>
      <![CDATA[Verify the response for the DOB request]]>
    </line>
    <line>
      <![CDATA[Input the shortcode for sending the response]]>
    </line>
    <line>
      <![CDATA[click on the compose button]]>
    </line>
    <line>
      <![CDATA[Verify the response for the valid state request]]>
    </line>
    <line>
      <![CDATA[Input the shortcode for sending the response]]>
    </line>
    <line>
      <![CDATA[click on the compose button]]>
    </line>
    <line>
      <![CDATA[Verify the response for the help state request]]>
    </line>
    <line>
      <![CDATA[Input the shortcode for sending the response]]>
    </line>
    <line>
      <![CDATA[click on the compose button]]>
    </line>
    <line>
      <![CDATA[Verify the response for the STOP state request]]>
    </line>
    <line>
      <![CDATA[Oracle JDBC Driver Registered!]]>
    </line>
    <line>
      <![CDATA[Oracle JDBC Driver Registered!]]>
    </line>
    <line>
      <![CDATA[Input the shortcode for sending the response]]>
    </line>
    <line>
      <![CDATA[click on the compose button]]>
    </line>
    <line>
      <![CDATA[Verify the response for the valid keyword request]]>
    </line>
    <line>
      <![CDATA[Input the shortcode for sending the response]]>
    </line>
    <line>
      <![CDATA[click on the compose button]]>
    </line>
    <line>
      <![CDATA[Input the shortcode for sending the response]]>
    </line>
    <line>
      <![CDATA[click on the compose button]]>
    </line>
    <line>
      <![CDATA[Verify the invalid response for the Dateofbirth request]]>
    </line>
    <line>
      <![CDATA[Input the shortcode for sending the response]]>
    </line>
    <line>
      <![CDATA[click on the compose button]]>
    </line>
    <line>
      <![CDATA[Verify the response for the stop request]]>
    </line>
    <line>
      <![CDATA[Input the shortcode for sending the response]]>
    </line>
    <line>
      <![CDATA[click on the compose button]]>
    </line>
    <line>
      <![CDATA[Verify the response for the valid keyword request]]>
    </line>
    <line>
      <![CDATA[Input the shortcode for sending the response]]>
    </line>
    <line>
      <![CDATA[click on the compose button]]>
    </line>
    <line>
      <![CDATA[Input the shortcode for sending the response]]>
    </line>
    <line>
      <![CDATA[click on the compose button]]>
    </line>
    <line>
      <![CDATA[Verify the response for the DOB request]]>
    </line>
    <line>
      <![CDATA[click on the delete button]]>
    </line>
    <line>
      <![CDATA[click on the delete button]]>
    </line>
  </reporter-output>
  <suite name="Suite" duration-ms="1021984" started-at="2018-07-05T13:34:46Z" finished-at="2018-07-05T13:51:48Z">
    <groups>
    </groups>
    <test name="Samsung 1747 Galaxy S III 4.4" duration-ms="1021984" started-at="2018-07-05T13:34:46Z" finished-at="2018-07-05T13:51:48Z">
      <class name="ePrize.androidMobile.SMSTest.SamsungGalaxyS3AndroidSMSTest">
        <test-method status="PASS" signature="beforeTest(java.lang.String, java.lang.String, java.lang.String)[pri:0, instance:ePrize.androidMobile.SMSTest.SamsungGalaxyS3AndroidSMSTest@20d33ea]" name="beforeTest" is-config="true" duration-ms="268451" started-at="2018-07-05T13:34:46Z" finished-at="2018-07-05T13:39:15Z">
          <params>
            <param index="0">
              <value>
                <![CDATA[C00C1551]]>
              </value>
            </param>
            <param index="1">
              <value>
                <![CDATA[STOP]]>
              </value>
            </param>
            <param index="2">
              <value>
                <![CDATA[30364]]>
              </value>
            </param>
          </params>
          <reporter-output>
            <line>
              <![CDATA[Switch to the native app]]>
            </line>
            <line>
              <![CDATA[click on the message icon]]>
            </line>
            <line>
              <![CDATA[Move to the back page using Android key]]>
            </line>
            <line>
              <![CDATA[Switch to the native app]]>
            </line>
            <line>
              <![CDATA[click on the message icon]]>
            </line>
            <line>
              <![CDATA[click for sending the new message]]>
            </line>
            <line>
              <![CDATA[Input the shortcode for sending the response]]>
            </line>
            <line>
              <![CDATA[Input the shortcode for sending the response]]>
            </line>
            <line>
              <![CDATA[click on the compose button]]>
            </line>
            <line>
              <![CDATA[click on the delete button]]>
            </line>
            <line>
              <![CDATA[click on the delete button]]>
            </line>
            <line>
              <![CDATA[click on the delete button]]>
            </line>
            <line>
              <![CDATA[click on the confirmation delete button]]>
            </line>
          </reporter-output>
        </test-method> <!-- beforeTest -->
        <test-method status="FAIL" signature="verifySMSRequestandResponse(java.lang.String, java.lang.String, java.lang.String, java.lang.String, java.lang.String, java.lang.String, java.lang.String, java.lang.String, java.lang.String, java.lang.String, java.lang.String, java.lang.String, java.lang.String, java.lang.String, java.lang.String, java.lang.String, java.lang.String)[pri:0, instance:ePrize.androidMobile.SMSTest.SamsungGalaxyS3AndroidSMSTest@20d33ea]" name="verifySMSRequestandResponse" duration-ms="734157" started-at="2018-07-05T13:39:15Z" finished-at="2018-07-05T13:51:29Z">
          <params>
            <param index="0">
              <value>
                <![CDATA[30364]]>
              </value>
            </param>
            <param index="1">
              <value>
                <![CDATA[COOLIE_REVIEW]]>
              </value>
            </param>
            <param index="2">
              <value>
                <![CDATA[YES]]>
              </value>
            </param>
            <param index="3">
              <value>
                <![CDATA[01011980]]>
              </value>
            </param>
            <param index="4">
              <value>
                <![CDATA[MI]]>
              </value>
            </param>
            <param index="5">
              <value>
                <![CDATA[HELP]]>
              </value>
            </param>
            <param index="6">
              <value>
                <![CDATA[STOP]]>
              </value>
            </param>
            <param index="7">
              <value>
                <![CDATA[7816402232]]>
              </value>
            </param>
            <param index="8">
              <value>
                <![CDATA[budlight_coolies_20180306]]>
              </value>
            </param>
            <param index="9">
              <value>
                <![CDATA[budlight_coolies]]>
              </value>
            </param>
            <param index="10">
              <value>
                <![CDATA[com.mysql.jdbc.Driver]]>
              </value>
            </param>
            <param index="11">
              <value>
                <![CDATA[jdbc:mysql://r0core-olap02.int.eprize.net:3306/]]>
              </value>
            </param>
            <param index="12">
              <value>
                <![CDATA[jdbc:mysql://r0core-dbs01.int.eprize.net:3306/]]>
              </value>
            </param>
            <param index="13">
              <value>
                <![CDATA[qateam]]>
              </value>
            </param>
            <param index="14">
              <value>
                <![CDATA[S3r1OusLyD0nT!5hA4eMe!]]>
              </value>
            </param>
            <param index="15">
              <value>
                <![CDATA[01012012]]>
              </value>
            </param>
            <param index="16">
              <value>
                <![CDATA[ME]]>
              </value>
            </param>
          </params>
          <exception class="java.lang.AssertionError">
            <message>
              <![CDATA[expected [BUDWEISER & BUD LIGHT BASEBALL COOLIE: Please reply with your state (ex: MI). 1msg/query. Rules: http://hwld.co/QWUl9F Msg&Data rates may apply.] but found []]]>
            </message>
            <full-stacktrace>
              <![CDATA[java.lang.AssertionError: expected [BUDWEISER & BUD LIGHT BASEBALL COOLIE: Please reply with your state (ex: MI). 1msg/query. Rules: http://hwld.co/QWUl9F Msg&Data rates may apply.] but found []
at org.testng.Assert.fail(Assert.java:96)
at org.testng.Assert.failNotEquals(Assert.java:776)
at org.testng.Assert.assertEqualsImpl(Assert.java:137)
at org.testng.Assert.assertEquals(Assert.java:118)
at org.testng.Assert.assertEquals(Assert.java:453)
at org.testng.Assert.assertEquals(Assert.java:463)
at ePrize.androidMobile.PageObjects.SamsungGalaxyS3HomePageObjects.verifyValidDobReponseText(SamsungGalaxyS3HomePageObjects.java:284)
at ePrize.androidMobile.SMSTest.SamsungGalaxyS3AndroidSMSTest.verifySMSRequestandResponse(SamsungGalaxyS3AndroidSMSTest.java:102)
at sun.reflect.NativeMethodAccessorImpl.invoke0(Native Method)
at sun.reflect.NativeMethodAccessorImpl.invoke(NativeMethodAccessorImpl.java:62)
at sun.reflect.DelegatingMethodAccessorImpl.invoke(DelegatingMethodAccessorImpl.java:43)
at java.lang.reflect.Method.invoke(Method.java:498)
at org.testng.internal.MethodInvocationHelper.invokeMethod(MethodInvocationHelper.java:124)
at org.testng.internal.Invoker.invokeMethod(Invoker.java:583)
at org.testng.internal.Invoker.invokeTestMethod(Invoker.java:719)
at org.testng.internal.Invoker.invokeTestMethods(Invoker.java:989)
at org.testng.internal.TestMethodWorker.invokeTestMethods(TestMethodWorker.java:125)
at org.testng.internal.TestMethodWorker.run(TestMethodWorker.java:109)
at org.testng.TestRunner.privateRun(TestRunner.java:648)
at org.testng.TestRunner.run(TestRunner.java:505)
at org.testng.SuiteRunner.runTest(SuiteRunner.java:455)
at org.testng.SuiteRunner.runSequentially(SuiteRunner.java:450)
at org.testng.SuiteRunner.privateRun(SuiteRunner.java:415)
at org.testng.SuiteRunner.run(SuiteRunner.java:364)
at org.testng.SuiteRunnerWorker.runSuite(SuiteRunnerWorker.java:52)
at org.testng.SuiteRunnerWorker.run(SuiteRunnerWorker.java:84)
at org.testng.TestNG.runSuitesSequentially(TestNG.java:1208)
at org.testng.TestNG.runSuitesLocally(TestNG.java:1137)
at org.testng.TestNG.runSuites(TestNG.java:1049)
at org.testng.TestNG.run(TestNG.java:1017)
at org.testng.remote.AbstractRemoteTestNG.run(AbstractRemoteTestNG.java:114)
at org.testng.remote.RemoteTestNG.initAndRun(RemoteTestNG.java:251)
at org.testng.remote.RemoteTestNG.main(RemoteTestNG.java:77)
]]>
            </full-stacktrace>
          </exception> <!-- java.lang.AssertionError -->
          <reporter-output>
            <line>
              <![CDATA[Switch to the native app]]>
            </line>
            <line>
              <![CDATA[click on the message icon]]>
            </line>
            <line>
              <![CDATA[click for sending the new message]]>
            </line>
            <line>
              <![CDATA[Input the shortcode for sending the response]]>
            </line>
            <line>
              <![CDATA[Input the shortcode for sending the response]]>
            </line>
            <line>
              <![CDATA[click on the compose button]]>
            </line>
            <line>
              <![CDATA[Verify the response for the valid keyword request]]>
            </line>
            <line>
              <![CDATA[Input the shortcode for sending the response]]>
            </line>
            <line>
              <![CDATA[click on the compose button]]>
            </line>
            <line>
              <![CDATA[Input the shortcode for sending the response]]>
            </line>
            <line>
              <![CDATA[click on the compose button]]>
            </line>
            <line>
              <![CDATA[Verify the response for the DOB request]]>
            </line>
            <line>
              <![CDATA[Input the shortcode for sending the response]]>
            </line>
            <line>
              <![CDATA[click on the compose button]]>
            </line>
            <line>
              <![CDATA[Verify the response for the valid state request]]>
            </line>
            <line>
              <![CDATA[Input the shortcode for sending the response]]>
            </line>
            <line>
              <![CDATA[click on the compose button]]>
            </line>
            <line>
              <![CDATA[Verify the response for the help state request]]>
            </line>
            <line>
              <![CDATA[Input the shortcode for sending the response]]>
            </line>
            <line>
              <![CDATA[click on the compose button]]>
            </line>
            <line>
              <![CDATA[Verify the response for the STOP state request]]>
            </line>
            <line>
              <![CDATA[Oracle JDBC Driver Registered!]]>
            </line>
            <line>
              <![CDATA[Oracle JDBC Driver Registered!]]>
            </line>
            <line>
              <![CDATA[Input the shortcode for sending the response]]>
            </line>
            <line>
              <![CDATA[click on the compose button]]>
            </line>
            <line>
              <![CDATA[Verify the response for the valid keyword request]]>
            </line>
            <line>
              <![CDATA[Input the shortcode for sending the response]]>
            </line>
            <line>
              <![CDATA[click on the compose button]]>
            </line>
            <line>
              <![CDATA[Input the shortcode for sending the response]]>
            </line>
            <line>
              <![CDATA[click on the compose button]]>
            </line>
            <line>
              <![CDATA[Verify the invalid response for the Dateofbirth request]]>
            </line>
            <line>
              <![CDATA[Input the shortcode for sending the response]]>
            </line>
            <line>
              <![CDATA[click on the compose button]]>
            </line>
            <line>
              <![CDATA[Verify the response for the stop request]]>
            </line>
            <line>
              <![CDATA[Input the shortcode for sending the response]]>
            </line>
            <line>
              <![CDATA[click on the compose button]]>
            </line>
            <line>
              <![CDATA[Verify the response for the valid keyword request]]>
            </line>
            <line>
              <![CDATA[Input the shortcode for sending the response]]>
            </line>
            <line>
              <![CDATA[click on the compose button]]>
            </line>
            <line>
              <![CDATA[Input the shortcode for sending the response]]>
            </line>
            <line>
              <![CDATA[click on the compose button]]>
            </line>
            <line>
              <![CDATA[Verify the response for the DOB request]]>
            </line>
          </reporter-output>
        </test-method> <!-- verifySMSRequestandResponse -->
        <test-method status="FAIL" signature="afterTest(java.lang.String)[pri:0, instance:ePrize.androidMobile.SMSTest.SamsungGalaxyS3AndroidSMSTest@20d33ea]" name="afterTest" is-config="true" duration-ms="19262" started-at="2018-07-05T13:51:29Z" finished-at="2018-07-05T13:51:48Z">
          <params>
            <param index="0">
              <value>
                <![CDATA[C00C1551]]>
              </value>
            </param>
          </params>
          <exception class="org.openqa.selenium.TimeoutException">
            <message>
              <![CDATA[Expected condition failed: waiting for element to be clickable: Located by Locator map: 
- native content: "By.chained({By.id: message_text_select_all})" 
- html content: "by id or name "selectAllMessages"" (tried for 5 second(s) with 500 MILLISECONDS interval)]]>
            </message>
            <full-stacktrace>
              <![CDATA[org.openqa.selenium.TimeoutException: Expected condition failed: waiting for element to be clickable: Located by Locator map: 
- native content: "By.chained({By.id: message_text_select_all})" 
- html content: "by id or name "selectAllMessages"" (tried for 5 second(s) with 500 MILLISECONDS interval)
at org.openqa.selenium.support.ui.FluentWait.timeoutException(FluentWait.java:263)
at org.openqa.selenium.support.ui.FluentWait.until(FluentWait.java:231)
at ePrize.androidMobile.utils.AppiumUtils.waitUntillElementToBeClickable(AppiumUtils.java:70)
at ePrize.androidMobile.PageObjects.SamsungGalaxyS3HomePageObjects.selectAllMessages(SamsungGalaxyS3HomePageObjects.java:97)
at ePrize.androidMobile.SMSTest.SamsungGalaxyS3AndroidSMSTest.afterTest(SamsungGalaxyS3AndroidSMSTest.java:142)
at sun.reflect.NativeMethodAccessorImpl.invoke0(Native Method)
at sun.reflect.NativeMethodAccessorImpl.invoke(NativeMethodAccessorImpl.java:62)
at sun.reflect.DelegatingMethodAccessorImpl.invoke(DelegatingMethodAccessorImpl.java:43)
at java.lang.reflect.Method.invoke(Method.java:498)
at org.testng.internal.MethodInvocationHelper.invokeMethod(MethodInvocationHelper.java:124)
at org.testng.internal.MethodInvocationHelper.invokeMethodConsideringTimeout(MethodInvocationHelper.java:59)
at org.testng.internal.Invoker.invokeConfigurationMethod(Invoker.java:458)
at org.testng.internal.Invoker.invokeConfigurations(Invoker.java:222)
at org.testng.internal.Invoker.invokeConfigurations(Invoker.java:142)
at org.testng.TestRunner.afterRun(TestRunner.java:725)
at org.testng.TestRunner.run(TestRunner.java:509)
at org.testng.SuiteRunner.runTest(SuiteRunner.java:455)
at org.testng.SuiteRunner.runSequentially(SuiteRunner.java:450)
at org.testng.SuiteRunner.privateRun(SuiteRunner.java:415)
at org.testng.SuiteRunner.run(SuiteRunner.java:364)
at org.testng.SuiteRunnerWorker.runSuite(SuiteRunnerWorker.java:52)
at org.testng.SuiteRunnerWorker.run(SuiteRunnerWorker.java:84)
at org.testng.TestNG.runSuitesSequentially(TestNG.java:1208)
at org.testng.TestNG.runSuitesLocally(TestNG.java:1137)
at org.testng.TestNG.runSuites(TestNG.java:1049)
at org.testng.TestNG.run(TestNG.java:1017)
at org.testng.remote.AbstractRemoteTestNG.run(AbstractRemoteTestNG.java:114)
at org.testng.remote.RemoteTestNG.initAndRun(RemoteTestNG.java:251)
at org.testng.remote.RemoteTestNG.main(RemoteTestNG.java:77)
Caused by: org.openqa.selenium.NoSuchElementException: Can't locate an element by this strategy: Locator map: 
- native content: "By.chained({By.id: message_text_select_all})" 
- html content: "by id or name "selectAllMessages""
at io.appium.java_client.pagefactory.AppiumElementLocator.findElement(AppiumElementLocator.java:102)
at io.appium.java_client.pagefactory.interceptors.InterceptorOfASingleElement.intercept(InterceptorOfASingleElement.java:61)
at io.appium.java_client.android.AndroidElement$$EnhancerByCGLIB$$b598166c.isDisplayed(<generated>)
at org.openqa.selenium.support.ui.ExpectedConditions.elementIfVisible(ExpectedConditions.java:301)
at org.openqa.selenium.support.ui.ExpectedConditions.access$100(ExpectedConditions.java:43)
at org.openqa.selenium.support.ui.ExpectedConditions$10.apply(ExpectedConditions.java:287)
at org.openqa.selenium.support.ui.ExpectedConditions$10.apply(ExpectedConditions.java:284)
at org.openqa.selenium.support.ui.ExpectedConditions$23.apply(ExpectedConditions.java:672)
at org.openqa.selenium.support.ui.ExpectedConditions$23.apply(ExpectedConditions.java:668)
at org.openqa.selenium.support.ui.FluentWait.until(FluentWait.java:208)
... 27 more
Caused by: org.openqa.selenium.TimeoutException: Expected condition failed: waiting for io.appium.java_client.pagefactory.AppiumElementLocator$WaitingFunction@4aca6d5a (tried for 1 second(s) with 500 MILLISECONDS interval)
at org.openqa.selenium.support.ui.FluentWait.timeoutException(FluentWait.java:263)
at org.openqa.selenium.support.ui.FluentWait.until(FluentWait.java:231)
at io.appium.java_client.pagefactory.AppiumElementLocator.waitFor(AppiumElementLocator.java:76)
at io.appium.java_client.pagefactory.AppiumElementLocator.findElement(AppiumElementLocator.java:95)
... 36 more
Caused by: org.openqa.selenium.NoSuchElementException: Cannot locate an element using By.chained({By.id: message_text_select_all})
For documentation on this error, please visit: http://seleniumhq.org/exceptions/no_such_element.html
Build info: version: '3.6.0', revision: '6fbf3ec767', time: '2017-09-27T15:28:36.4Z'
System info: host: 'PRASHANTHS-WI8', ip: '10.1.208.52', os.name: 'Windows 8.1', os.arch: 'amd64', os.version: '6.3', java.version: '1.8.0_131'
Driver info: driver.version: AndroidDriver
at io.appium.java_client.pagefactory.bys.builder.ByChained.findElement(ByChained.java:72)
at org.openqa.selenium.remote.RemoteWebDriver.findElement(RemoteWebDriver.java:348)
at io.appium.java_client.DefaultGenericMobileDriver.findElement(DefaultGenericMobileDriver.java:58)
at io.appium.java_client.AppiumDriver.findElement(AppiumDriver.java:1)
at io.appium.java_client.android.AndroidDriver.findElement(AndroidDriver.java:1)
at io.appium.java_client.pagefactory.bys.ContentMappedBy.findElement(ContentMappedBy.java:36)
at org.openqa.selenium.remote.RemoteWebDriver.findElement(RemoteWebDriver.java:348)
at io.appium.java_client.DefaultGenericMobileDriver.findElement(DefaultGenericMobileDriver.java:58)
at io.appium.java_client.AppiumDriver.findElement(AppiumDriver.java:1)
at io.appium.java_client.android.AndroidDriver.findElement(AndroidDriver.java:1)
at io.appium.java_client.pagefactory.AppiumElementLocator.lambda$0(AppiumElementLocator.java:96)
at io.appium.java_client.pagefactory.AppiumElementLocator$WaitingFunction.apply(AppiumElementLocator.java:150)
at io.appium.java_client.pagefactory.AppiumElementLocator$WaitingFunction.apply(AppiumElementLocator.java:1)
at org.openqa.selenium.support.ui.FluentWait.until(FluentWait.java:208)
... 38 more
]]>
            </full-stacktrace>
          </exception> <!-- org.openqa.selenium.TimeoutException -->
          <reporter-output>
            <line>
              <![CDATA[click on the delete button]]>
            </line>
            <line>
              <![CDATA[click on the delete button]]>
            </line>
          </reporter-output>
        </test-method> <!-- afterTest -->
      </class> <!-- ePrize.androidMobile.SMSTest.SamsungGalaxyS3AndroidSMSTest -->
    </test> <!-- Samsung 1747 Galaxy S III 4.4 -->
  </suite> <!-- Suite -->
</testng-results>
